<?xml version="1.0" encoding="UTF-8"?>
<!-- Generated by org.testng.reporters.JUnitReportReporter -->
<testsuite name="org.magnitia.testng.Testngwithselenium" tests="3" time="11.495" ignored="0" failures="0" timestamp="08 Aug 2021 04:32:48 GMT" skipped="0" hostname="SivaRajeshValluri" errors="0">
  <testcase name="clickmyaccount" time="2.556" classname="org.magnitia.testng.Testngwithselenium"/>
  <testcase name="login" time="1.746" classname="org.magnitia.testng.Testngwithselenium"/>
  <testcase name="openurl" time="7.193" classname="org.magnitia.testng.Testngwithselenium"/>
</testsuite> <!-- org.magnitia.testng.Testngwithselenium -->
